<?xml version="1.0" encoding="UTF-8"?>
<!-- Generated by org.testng.reporters.JUnitReportReporter -->
<testsuite hostname="irfan.mshome.net" failures="0" tests="1" name="com.parabank.tests.FindTransactionsTest" time="5.375" errors="0" timestamp="2025-07-08T23:47:37 CEST" skipped="0">
  <testcase classname="com.parabank.tests.FindTransactionsTest" name="testFindTransactionsFeature" time="5.375"/>
</testsuite> <!-- com.parabank.tests.FindTransactionsTest -->
