<?xml version="1.0" encoding="UTF-8"?>
<!-- Generated by org.testng.reporters.JUnitReportReporter -->
<testsuite hostname="irfan.mshome.net" failures="0" tests="2" name="com.parabank.tests.LoginTest" time="5.066" errors="0" timestamp="2025-07-08T23:46:36 CEST" skipped="1">
  <testcase classname="com.parabank.tests.LoginTest" name="testValidLogin" time="5.066"/>
  <testcase classname="com.parabank.tests.LoginTest" name="testInvalidLogin">
    <skipped/>
  </testcase> <!-- testInvalidLogin -->
</testsuite> <!-- com.parabank.tests.LoginTest -->
