<?xml version="1.0" encoding="UTF-8"?>
<!-- Generated by org.testng.reporters.JUnitReportReporter -->
<testsuite hostname="irfan.mshome.net" failures="0" tests="1" name="com.parabank.tests.AccountOverviewTest" time="6.274" errors="0" timestamp="2025-07-07T23:57:31 CEST" skipped="0">
  <testcase classname="com.parabank.tests.AccountOverviewTest" name="testAccountOverview" time="6.274"/>
</testsuite> <!-- com.parabank.tests.AccountOverviewTest -->
